<?xml version="1.0" encoding="UTF-8"?>
<!-- Generated by org.testng.reporters.JUnitReportReporter -->
<testsuite skipped="0" hostname="DESKTOP-CEP0DE1" name="Amazon.EndtoEndProject.AmazonHome" tests="2" failures="0" timestamp="2021-01-14T18:57:00 EST" time="30.187" errors="0">
  <testcase name="HomePage" time="22.178" classname="Amazon.EndtoEndProject.AmazonHome"/>
  <system-out/>
  <testcase name="Increasequantity" time="8.009" classname="Amazon.EndtoEndProject.AmazonHome"/>
  <system-out/>
</testsuite> <!-- Amazon.EndtoEndProject.AmazonHome -->
