<?xml version="1.0" encoding="UTF-8"?>
<!-- Generated by org.testng.reporters.JUnitReportReporter -->
<testsuite skipped="0" hostname="DESKTOP-CEP0DE1" name="Amazon.EndtoEndProject.AmazonAddingMultipleItemstoCart" tests="2" failures="0" timestamp="2021-01-31T20:29:33 EST" time="42.902" errors="0">
  <testcase name="AddingMultipleItems" time="32.063" classname="Amazon.EndtoEndProject.AmazonAddingMultipleItemstoCart"/>
  <system-out/>
  <testcase name="RemovingAllItems" time="10.839" classname="Amazon.EndtoEndProject.AmazonAddingMultipleItemstoCart"/>
  <system-out/>
</testsuite> <!-- Amazon.EndtoEndProject.AmazonAddingMultipleItemstoCart -->
