<?xml version="1.0" encoding="UTF-8"?>
<!-- Generated by org.testng.reporters.JUnitReportReporter -->
<testsuite skipped="0" hostname="DESKTOP-CEP0DE1" name="Amazon.EndtoEndProject.AmazonLogin" tests="3" failures="0" timestamp="2021-01-30T15:26:36 EST" time="66.548" errors="0">
  <testcase name="loginPagaNavigation" time="26.664" classname="Amazon.EndtoEndProject.AmazonLogin"/>
  <system-out/>
  <testcase name="loginPagaNavigation" time="8.677" classname="Amazon.EndtoEndProject.AmazonLogin"/>
  <system-out/>
  <testcase name="loginPagaNavigation" time="31.207" classname="Amazon.EndtoEndProject.AmazonLogin"/>
  <system-out/>
</testsuite> <!-- Amazon.EndtoEndProject.AmazonLogin -->
