<?xml version="1.0" encoding="UTF-8"?>
<!-- Generated by org.testng.reporters.JUnitReportReporter -->
<testsuite skipped="0" hostname="DESKTOP-CEP0DE1" name="Amazon.EndtoEndProject.AmazonAddingMultipleItemstoCart" tests="2" failures="0" timestamp="2021-01-30T15:26:36 EST" time="78.305" errors="0">
  <testcase name="AddingMultipleItems" time="67.424" classname="Amazon.EndtoEndProject.AmazonAddingMultipleItemstoCart"/>
  <system-out/>
  <testcase name="RemovingAllItems" time="10.881" classname="Amazon.EndtoEndProject.AmazonAddingMultipleItemstoCart"/>
  <system-out/>
</testsuite> <!-- Amazon.EndtoEndProject.AmazonAddingMultipleItemstoCart -->
